<?xml version="1.0" encoding="UTF-8"?>
<testsuite xmlns:xsi="http://www.w3.org/2001/XMLSchema-instance" xsi:noNamespaceSchemaLocation="https://maven.apache.org/surefire/maven-surefire-plugin/xsd/surefire-test-report-3.0.xsd" version="3.0" name="com.example.demo.DutyBotApplicationTests" time="4.669" tests="1" errors="0" skipped="0" failures="0">
  <properties>
[...]
</properties>
  <testcase name="contextLoads" classname="com.example.demo.DutyBotApplicationTests" time="1.107">
    <system-out><![CDATA[08:05:42.131 [main] INFO org.springframework.test.context.support.AnnotationConfigContextLoaderUtils -- Could not detect default configuration classes for test class [com.example.demo.DutyBotApplicationTests]: DutyBotApplicationTests does not declare any static, non-private, non-final, nested classes annotated with @Configuration.
08:05:42.278 [main] INFO org.springframework.boot.test.context.SpringBootTestContextBootstrapper -- Found @SpringBootConfiguration com.example.demo.DutyBotApplication for test class com.example.demo.DutyBotApplicationTests

  .   ____          _            __ _ _
 /\\ / ___'_ __ _ _(_)_ __  __ _ \ \ \ \
( ( )\___ | '_ | '_| | '_ \/ _` | \ \ \ \
 \\/  ___)| |_)| | | | | || (_| |  ) ) ) )
  '  |____| .__|_| |_|_| |_\__, | / / / /
 =========|_|==============|___/=/_/_/_/
 :: Spring Boot ::                (v3.2.0)

2023-12-18T08:05:42.888+02:00  INFO 17336 --- [           main] c.example.demo.DutyBotApplicationTests   : Starting DutyBotApplicationTests using Java 21.0.1 with PID 17336 (started by temic in C:\Users\temic\git\Duty-Bot2\dutyBot)
2023-12-18T08:05:42.890+02:00  INFO 17336 --- [           main] c.example.demo.DutyBotApplicationTests   : No active profile set, falling back to 1 default profile: "default"
2023-12-18T08:05:45.375+02:00  INFO 17336 --- [           main] c.example.demo.DutyBotApplicationTests   : Started DutyBotApplicationTests in 2.856 seconds (process running for 4.265)
]]></system-out>
    <system-err><![CDATA[WARNING: A Java agent has been loaded dynamically (C:\Users\temic\.m2\repository\net\bytebuddy\byte-buddy-agent\1.14.10\byte-buddy-agent-1.14.10.jar)
WARNING: If a serviceability tool is in use, please run with -XX:+EnableDynamicAgentLoading to hide this warning
WARNING: If a serviceability tool is not in use, please run with -Djdk.instrument.traceUsage for more information
WARNING: Dynamic loading of agents will be disallowed by default in a future release
]]></system-err>
  </testcase>
</testsuite>